<?xml version="1.0" encoding="UTF-8"?>
<!-- Generated by org.testng.reporters.JUnitReportReporter -->
<testsuite hostname="Adhitya-PC" name="org.cucumb.selenium.sample" tests="1" failures="0" timestamp="5 Aug 2018 16:52:11 GMT" time="0.032" errors="0">
  <testcase name="sampletest" time="0.032" classname="org.cucumb.selenium.sample"/>
</testsuite> <!-- org.cucumb.selenium.sample -->
